<?xml version="1.0" encoding="UTF-8"?>
<!-- Generated by org.testng.reporters.JUnitXMLReporter -->
<testsuite hostname="BhagathKoraboin" name="Default test" tests="4" failures="0" timestamp="4 Jan 2016 23:05:47 GMT" time="27.608" errors="0">
  <testcase name="google" time="1.51" classname="Pack1.PriorityTestng"/>
  <testcase name="gmail" time="1.06" classname="Pack1.PriorityTestng"/>
  <testcase name="carwale" time="3.109" classname="Pack1.PriorityTestng"/>
  <testcase name="quikr" time="2.122" classname="Pack1.PriorityTestng"/>
</testsuite> <!-- Default test -->
